<?xml version="1.0" encoding="UTF-8"?>
<testng-results skipped="0" failed="0" ignored="0"
	total="1" passed="1">
	<reporter-output>
	</reporter-output>
	<suite name="Google Ajax Control" duration-ms="14138"
		started-at="2020-06-23T14:32:37 IST"
		finished-at="2020-06-23T14:32:51 IST">
		<groups>
		</groups>
		<test name="Test" duration-ms="14138"
			started-at="2020-06-23T14:32:37 IST"
			finished-at="2020-06-23T14:32:51 IST">
			<class name="Report01.AjaxControl">
				<test-method status="PASS"
					signature="beforeTest()[pri:0, instance:Report01.AjaxControl@8dbdac1]"
					name="beforeTest" is-config="true" duration-ms="10610"
					started-at="2020-06-23T14:32:37 IST"
					finished-at="2020-06-23T14:32:48 IST">
					<reporter-output>
					</reporter-output>
				</test-method> <!-- beforeTest -->
				<test-method status="PASS"
					signature="functionality()[pri:0, instance:Report01.AjaxControl@8dbdac1]"
					name="functionality" duration-ms="3297"
					started-at="2020-06-23T14:32:48 IST"
					finished-at="2020-06-23T14:32:51 IST">
					<reporter-output>
					</reporter-output>
				</test-method> <!-- functionality -->
			</class> <!-- Report01.AjaxControl -->
		</test> <!-- Test -->
	</suite> <!-- Google Ajax Control -->
</testng-results>
